{"/home/ja/repo/youlikeapp.github.io/src/boot/fontawesome.js": {"path":"/home/ja/repo/youlikeapp.github.io/src/boot/fontawesome.js","statementMap":{"0":{"start":{"line":18,"column":4},"end":{"line":29,"column":6}},"1":{"start":{"line":30,"column":4},"end":{"line":30,"column":41}}},"fnMap":{"0":{"name":"(anonymous_0)","decl":{"start":{"line":17,"column":15},"end":{"line":17,"column":16}},"loc":{"start":{"line":17,"column":28},"end":{"line":31,"column":1}},"line":17}},"branchMap":{},"s":{"0":0,"1":0},"f":{"0":0},"b":{},"hash":"4c7965fc1c02452028346eee1bc743db78e00991"}
,"/home/ja/repo/youlikeapp.github.io/src/boot/i18n.js": {"path":"/home/ja/repo/youlikeapp.github.io/src/boot/i18n.js","statementMap":{"0":{"start":{"line":5,"column":0},"end":{"line":5,"column":16}},"1":{"start":{"line":7,"column":13},"end":{"line":11,"column":2}},"2":{"start":{"line":15,"column":2},"end":{"line":15,"column":17}}},"fnMap":{"0":{"name":"(anonymous_0)","decl":{"start":{"line":13,"column":15},"end":{"line":13,"column":16}},"loc":{"start":{"line":13,"column":28},"end":{"line":16,"column":1}},"line":13}},"branchMap":{},"s":{"0":0,"1":0,"2":0},"f":{"0":0},"b":{},"hash":"cf9ef2b92e6ee52f79a1dc785649903be864a0cf"}
,"/home/ja/repo/youlikeapp.github.io/src/boot/vue-social-sharing.js": {"path":"/home/ja/repo/youlikeapp.github.io/src/boot/vue-social-sharing.js","statementMap":{"0":{"start":{"line":1,"column":22},"end":{"line":1,"column":51}},"1":{"start":{"line":4,"column":2},"end":{"line":4,"column":25}}},"fnMap":{"0":{"name":"(anonymous_0)","decl":{"start":{"line":3,"column":15},"end":{"line":3,"column":16}},"loc":{"start":{"line":3,"column":34},"end":{"line":5,"column":1}},"line":3}},"branchMap":{},"s":{"0":0,"1":0},"f":{"0":0},"b":{},"hash":"34df43fd827dc6b30231b7fbc939c4fa612febd3"}
,"/home/ja/repo/youlikeapp.github.io/src/i18n/index.js": {"path":"/home/ja/repo/youlikeapp.github.io/src/i18n/index.js","statementMap":{},"fnMap":{},"branchMap":{},"s":{},"f":{},"b":{},"hash":"390b5f09ccb62926efb256549130a28c4710b3bf"}
,"/home/ja/repo/youlikeapp.github.io/src/i18n/en-us/index.js": {"path":"/home/ja/repo/youlikeapp.github.io/src/i18n/en-us/index.js","statementMap":{},"fnMap":{},"branchMap":{},"s":{},"f":{},"b":{},"hash":"d9f75269be9466b9cc204ec8aab7d9c5c8fbfdb9"}
,"/home/ja/repo/youlikeapp.github.io/src/router/index.js": {"path":"/home/ja/repo/youlikeapp.github.io/src/router/index.js","statementMap":{"0":{"start":{"line":6,"column":0},"end":{"line":6,"column":18}},"1":{"start":{"line":18,"column":17},"end":{"line":27,"column":4}},"2":{"start":{"line":19,"column":27},"end":{"line":19,"column":41}},"3":{"start":{"line":29,"column":2},"end":{"line":29,"column":15}}},"fnMap":{"0":{"name":"(anonymous_0)","decl":{"start":{"line":17,"column":15},"end":{"line":17,"column":16}},"loc":{"start":{"line":17,"column":54},"end":{"line":30,"column":1}},"line":17},"1":{"name":"(anonymous_1)","decl":{"start":{"line":19,"column":20},"end":{"line":19,"column":21}},"loc":{"start":{"line":19,"column":27},"end":{"line":19,"column":41}},"line":19}},"branchMap":{},"s":{"0":0,"1":0,"2":0,"3":0},"f":{"0":0,"1":0},"b":{},"hash":"8e791dde79e44b8ff5cc69b2e7a4f6d19839c5d7"}
,"/home/ja/repo/youlikeapp.github.io/src/router/routes.js": {"path":"/home/ja/repo/youlikeapp.github.io/src/router/routes.js","statementMap":{"0":{"start":{"line":1,"column":15},"end":{"line":24,"column":1}},"1":{"start":{"line":4,"column":25},"end":{"line":4,"column":57}},"2":{"start":{"line":5,"column":48},"end":{"line":5,"column":73}},"3":{"start":{"line":9,"column":25},"end":{"line":9,"column":57}},"4":{"start":{"line":10,"column":48},"end":{"line":10,"column":73}},"5":{"start":{"line":14,"column":25},"end":{"line":14,"column":57}},"6":{"start":{"line":16,"column":41},"end":{"line":16,"column":70}},"7":{"start":{"line":21,"column":25},"end":{"line":21,"column":57}},"8":{"start":{"line":22,"column":48},"end":{"line":22,"column":76}},"9":{"start":{"line":27,"column":0},"end":{"line":32,"column":1}},"10":{"start":{"line":28,"column":4},"end":{"line":31,"column":7}},"11":{"start":{"line":30,"column":25},"end":{"line":30,"column":53}}},"fnMap":{"0":{"name":"(anonymous_0)","decl":{"start":{"line":4,"column":19},"end":{"line":4,"column":20}},"loc":{"start":{"line":4,"column":25},"end":{"line":4,"column":57}},"line":4},"1":{"name":"(anonymous_1)","decl":{"start":{"line":5,"column":42},"end":{"line":5,"column":43}},"loc":{"start":{"line":5,"column":48},"end":{"line":5,"column":73}},"line":5},"2":{"name":"(anonymous_2)","decl":{"start":{"line":9,"column":19},"end":{"line":9,"column":20}},"loc":{"start":{"line":9,"column":25},"end":{"line":9,"column":57}},"line":9},"3":{"name":"(anonymous_3)","decl":{"start":{"line":10,"column":42},"end":{"line":10,"column":43}},"loc":{"start":{"line":10,"column":48},"end":{"line":10,"column":73}},"line":10},"4":{"name":"(anonymous_4)","decl":{"start":{"line":14,"column":19},"end":{"line":14,"column":20}},"loc":{"start":{"line":14,"column":25},"end":{"line":14,"column":57}},"line":14},"5":{"name":"(anonymous_5)","decl":{"start":{"line":16,"column":35},"end":{"line":16,"column":36}},"loc":{"start":{"line":16,"column":41},"end":{"line":16,"column":70}},"line":16},"6":{"name":"(anonymous_6)","decl":{"start":{"line":21,"column":19},"end":{"line":21,"column":20}},"loc":{"start":{"line":21,"column":25},"end":{"line":21,"column":57}},"line":21},"7":{"name":"(anonymous_7)","decl":{"start":{"line":22,"column":42},"end":{"line":22,"column":43}},"loc":{"start":{"line":22,"column":48},"end":{"line":22,"column":76}},"line":22},"8":{"name":"(anonymous_8)","decl":{"start":{"line":30,"column":19},"end":{"line":30,"column":20}},"loc":{"start":{"line":30,"column":25},"end":{"line":30,"column":53}},"line":30}},"branchMap":{"0":{"loc":{"start":{"line":27,"column":0},"end":{"line":32,"column":1}},"type":"if","locations":[{"start":{"line":27,"column":0},"end":{"line":32,"column":1}},{"start":{"line":27,"column":0},"end":{"line":32,"column":1}}],"line":27}},"s":{"0":0,"1":0,"2":0,"3":0,"4":0,"5":0,"6":0,"7":0,"8":0,"9":0,"10":0,"11":0},"f":{"0":0,"1":0,"2":0,"3":0,"4":0,"5":0,"6":0,"7":0,"8":0},"b":{"0":[0,0]},"hash":"0cd4048d820db0c9567824c62fc3032e6553841a"}
,"/home/ja/repo/youlikeapp.github.io/src/store/index.js": {"path":"/home/ja/repo/youlikeapp.github.io/src/store/index.js","statementMap":{"0":{"start":{"line":6,"column":0},"end":{"line":6,"column":13}},"1":{"start":{"line":18,"column":16},"end":{"line":26,"column":4}},"2":{"start":{"line":28,"column":2},"end":{"line":28,"column":14}}},"fnMap":{"0":{"name":"(anonymous_0)","decl":{"start":{"line":17,"column":15},"end":{"line":17,"column":16}},"loc":{"start":{"line":17,"column":47},"end":{"line":29,"column":1}},"line":17}},"branchMap":{},"s":{"0":0,"1":0,"2":0},"f":{"0":0},"b":{},"hash":"100292d5a0d423be72afd43d2541cb887361a197"}
,"/home/ja/repo/youlikeapp.github.io/src/store/module-example/actions.js": {"path":"/home/ja/repo/youlikeapp.github.io/src/store/module-example/actions.js","statementMap":{},"fnMap":{"0":{"name":"someAction","decl":{"start":{"line":1,"column":16},"end":{"line":1,"column":26}},"loc":{"start":{"line":1,"column":43},"end":{"line":2,"column":1}},"line":1}},"branchMap":{},"s":{},"f":{"0":0},"b":{},"hash":"f71545291cb0eadc5a7ba730712b8660797c11c1"}
,"/home/ja/repo/youlikeapp.github.io/src/store/module-example/getters.js": {"path":"/home/ja/repo/youlikeapp.github.io/src/store/module-example/getters.js","statementMap":{},"fnMap":{"0":{"name":"someGetter","decl":{"start":{"line":1,"column":16},"end":{"line":1,"column":26}},"loc":{"start":{"line":1,"column":41},"end":{"line":2,"column":1}},"line":1}},"branchMap":{},"s":{},"f":{"0":0},"b":{},"hash":"dbb46786afdb8c8e2941c7af83abee480579ca62"}
,"/home/ja/repo/youlikeapp.github.io/src/store/module-example/index.js": {"path":"/home/ja/repo/youlikeapp.github.io/src/store/module-example/index.js","statementMap":{},"fnMap":{},"branchMap":{},"s":{},"f":{},"b":{},"hash":"7a64d15bf3054bc42dfa6078ff4a381f649259c7"}
,"/home/ja/repo/youlikeapp.github.io/src/store/module-example/mutations.js": {"path":"/home/ja/repo/youlikeapp.github.io/src/store/module-example/mutations.js","statementMap":{},"fnMap":{"0":{"name":"someMutation","decl":{"start":{"line":1,"column":16},"end":{"line":1,"column":28}},"loc":{"start":{"line":1,"column":43},"end":{"line":2,"column":1}},"line":1}},"branchMap":{},"s":{},"f":{"0":0},"b":{},"hash":"6b5b3c7354d80a84bbbc36363dbcb6401d603022"}
,"/home/ja/repo/youlikeapp.github.io/src/store/module-example/state.js": {"path":"/home/ja/repo/youlikeapp.github.io/src/store/module-example/state.js","statementMap":{"0":{"start":{"line":2,"column":2},"end":{"line":4,"column":3}}},"fnMap":{"0":{"name":"(anonymous_0)","decl":{"start":{"line":1,"column":15},"end":{"line":1,"column":16}},"loc":{"start":{"line":1,"column":27},"end":{"line":5,"column":1}},"line":1}},"branchMap":{},"s":{"0":0},"f":{"0":0},"b":{},"hash":"a3a5c134a61cfbdfc9f539ae0bc95aaf1abc15ba"}
}
