TN:
SF:/home/ja/repo/youlikeapp.github.io/src/boot/fontawesome.js
FN:17,(anonymous_0)
FNF:1
FNH:0
FNDA:0,(anonymous_0)
DA:18,0
DA:30,0
LF:2
LH:0
BRF:0
BRH:0
end_of_record
TN:
SF:/home/ja/repo/youlikeapp.github.io/src/boot/i18n.js
FN:13,(anonymous_0)
FNF:1
FNH:0
FNDA:0,(anonymous_0)
DA:5,0
DA:7,0
DA:15,0
LF:3
LH:0
BRF:0
BRH:0
end_of_record
TN:
SF:/home/ja/repo/youlikeapp.github.io/src/boot/vue-social-sharing.js
FN:3,(anonymous_0)
FNF:1
FNH:0
FNDA:0,(anonymous_0)
DA:1,0
DA:4,0
LF:2
LH:0
BRF:0
BRH:0
end_of_record
TN:
SF:/home/ja/repo/youlikeapp.github.io/src/i18n/index.js
FNF:0
FNH:0
LF:0
LH:0
BRF:0
BRH:0
end_of_record
TN:
SF:/home/ja/repo/youlikeapp.github.io/src/i18n/en-us/index.js
FNF:0
FNH:0
LF:0
LH:0
BRF:0
BRH:0
end_of_record
TN:
SF:/home/ja/repo/youlikeapp.github.io/src/router/index.js
FN:17,(anonymous_0)
FN:19,(anonymous_1)
FNF:2
FNH:0
FNDA:0,(anonymous_0)
FNDA:0,(anonymous_1)
DA:6,0
DA:18,0
DA:19,0
DA:29,0
LF:4
LH:0
BRF:0
BRH:0
end_of_record
TN:
SF:/home/ja/repo/youlikeapp.github.io/src/router/routes.js
FN:4,(anonymous_0)
FN:5,(anonymous_1)
FN:9,(anonymous_2)
FN:10,(anonymous_3)
FN:14,(anonymous_4)
FN:16,(anonymous_5)
FN:21,(anonymous_6)
FN:22,(anonymous_7)
FN:30,(anonymous_8)
FNF:9
FNH:0
FNDA:0,(anonymous_0)
FNDA:0,(anonymous_1)
FNDA:0,(anonymous_2)
FNDA:0,(anonymous_3)
FNDA:0,(anonymous_4)
FNDA:0,(anonymous_5)
FNDA:0,(anonymous_6)
FNDA:0,(anonymous_7)
FNDA:0,(anonymous_8)
DA:1,0
DA:4,0
DA:5,0
DA:9,0
DA:10,0
DA:14,0
DA:16,0
DA:21,0
DA:22,0
DA:27,0
DA:28,0
DA:30,0
LF:12
LH:0
BRDA:27,0,0,0
BRDA:27,0,1,0
BRF:2
BRH:0
end_of_record
TN:
SF:/home/ja/repo/youlikeapp.github.io/src/store/index.js
FN:17,(anonymous_0)
FNF:1
FNH:0
FNDA:0,(anonymous_0)
DA:6,0
DA:18,0
DA:28,0
LF:3
LH:0
BRF:0
BRH:0
end_of_record
TN:
SF:/home/ja/repo/youlikeapp.github.io/src/store/module-example/actions.js
FN:1,someAction
FNF:1
FNH:0
FNDA:0,someAction
LF:0
LH:0
BRF:0
BRH:0
end_of_record
TN:
SF:/home/ja/repo/youlikeapp.github.io/src/store/module-example/getters.js
FN:1,someGetter
FNF:1
FNH:0
FNDA:0,someGetter
LF:0
LH:0
BRF:0
BRH:0
end_of_record
TN:
SF:/home/ja/repo/youlikeapp.github.io/src/store/module-example/index.js
FNF:0
FNH:0
LF:0
LH:0
BRF:0
BRH:0
end_of_record
TN:
SF:/home/ja/repo/youlikeapp.github.io/src/store/module-example/mutations.js
FN:1,someMutation
FNF:1
FNH:0
FNDA:0,someMutation
LF:0
LH:0
BRF:0
BRH:0
end_of_record
TN:
SF:/home/ja/repo/youlikeapp.github.io/src/store/module-example/state.js
FN:1,(anonymous_0)
FNF:1
FNH:0
FNDA:0,(anonymous_0)
DA:2,0
LF:1
LH:0
BRF:0
BRH:0
end_of_record
